<?xml version="1.0" encoding="UTF-8"?>
<!-- Generated by org.testng.reporters.JUnitReportReporter -->
<testsuite skipped="0" hostname="BLR1-LHP-N64492" name="insta.instaPage" tests="1" failures="0" timestamp="04 Sep 2020 07:02:04 GMT" time="56.569" errors="0">
  <testcase name="instaGag" time="56.569" classname="insta.instaPage"/>
</testsuite> <!-- insta.instaPage -->
