<?xml version="1.0" encoding="UTF-8"?>
<!-- Generated by org.testng.reporters.JUnitReportReporter -->
<testsuite skipped="0" hostname="BLR1-LHP-N64492" name="insta.insta" tests="1" failures="0" timestamp="03 Sep 2020 19:16:11 GMT" time="70.608" errors="0">
  <testcase name="insta" time="70.608" classname="insta.insta"/>
</testsuite> <!-- insta.insta -->
